<?xml version="1.0" encoding="UTF-8"?>
<!-- Generated by org.testng.reporters.JUnitXMLReporter -->
<testsuite ignored="0" hostname="DESKTOP-ACCNH3K" failures="0" tests="6" name="Test" time="40.167" errors="0" timestamp="2023-11-15T12:46:10 EST">
  <testcase classname="com.framework.level1.level2.testcases.LoginTest" name="verifyingSuccessfulLoginWithValidCredentials" time="2.259"/>
  <testcase classname="com.framework.level1.level2.testcases.ShoppingCartTest" name="shoppingCartTest" time="3.181"/>
  <testcase classname="com.framework.level1.level2.testcases.LunaSearchProductTest" name="testProductSearchAndNavigation" time="1.563"/>
  <testcase classname="com.framework.level1.level2.testcases.LumaRegisterTest" name="verifyRegisterAccountManadatoryFields" time="3.468"/>
  <testcase classname="com.framework.level1.level2.testcases.LumaCheckOutTest" name="verifyAddAProductToTheShoppingCartAndNavigateToCheckOutPage" time="15.975"/>
  <testcase classname="com.framework.level1.level2.testcases.LumaVerifyHomePageTest" name="verifyCertainElemetnsOnTheHomePage" time="0.774"/>
</testsuite> <!-- Test -->
