<?xml version="1.0" encoding="UTF-8"?>
<testng-results ignored="0" total="6" passed="6" failed="0" skipped="0">
  <reporter-output>
  </reporter-output>
  <suite started-at="2023-11-15T12:45:30 EST" name="Suite" finished-at="2023-11-15T12:46:10 EST" duration-ms="40167">
    <groups>
    </groups>
    <test started-at="2023-11-15T12:45:30 EST" name="Test" finished-at="2023-11-15T12:46:10 EST" duration-ms="40167">
      <class name="com.framework.level1.level2.testcases.LoginTest">
        <test-method is-config="true" signature="loginSetup()[pri:0, instance:com.framework.level1.level2.testcases.LoginTest@6340e5f0]" started-at="2023-11-15T12:45:30 EST" name="loginSetup" finished-at="2023-11-15T12:45:32 EST" duration-ms="2349" status="PASS">
          <reporter-output>
          </reporter-output>
        </test-method> <!-- loginSetup -->
        <test-method signature="verifyingSuccessfulLoginWithValidCredentials()[pri:1, instance:com.framework.level1.level2.testcases.LoginTest@6340e5f0]" started-at="2023-11-15T12:45:32 EST" name="verifyingSuccessfulLoginWithValidCredentials" finished-at="2023-11-15T12:45:34 EST" duration-ms="2259" status="PASS">
          <reporter-output>
          </reporter-output>
        </test-method> <!-- verifyingSuccessfulLoginWithValidCredentials -->
        <test-method is-config="true" signature="tearDown()[pri:0, instance:com.framework.level1.level2.testcases.LoginTest@6340e5f0]" started-at="2023-11-15T12:45:34 EST" name="tearDown" finished-at="2023-11-15T12:45:35 EST" duration-ms="111" status="PASS">
          <reporter-output>
          </reporter-output>
        </test-method> <!-- tearDown -->
      </class> <!-- com.framework.level1.level2.testcases.LoginTest -->
      <class name="com.framework.level1.level2.testcases.LumaRegisterTest">
        <test-method is-config="true" signature="registerSetUp()[pri:0, instance:com.framework.level1.level2.testcases.LumaRegisterTest@543295b0]" started-at="2023-11-15T12:45:43 EST" name="registerSetUp" finished-at="2023-11-15T12:45:46 EST" duration-ms="2083" status="PASS">
          <reporter-output>
          </reporter-output>
        </test-method> <!-- registerSetUp -->
        <test-method signature="verifyRegisterAccountManadatoryFields()[pri:1, instance:com.framework.level1.level2.testcases.LumaRegisterTest@543295b0]" started-at="2023-11-15T12:45:46 EST" name="verifyRegisterAccountManadatoryFields" finished-at="2023-11-15T12:45:49 EST" duration-ms="3468" status="PASS">
          <reporter-output>
          </reporter-output>
        </test-method> <!-- verifyRegisterAccountManadatoryFields -->
        <test-method is-config="true" signature="tearDown()[pri:0, instance:com.framework.level1.level2.testcases.LumaRegisterTest@543295b0]" started-at="2023-11-15T12:45:49 EST" name="tearDown" finished-at="2023-11-15T12:45:49 EST" duration-ms="98" status="PASS">
          <reporter-output>
          </reporter-output>
        </test-method> <!-- tearDown -->
      </class> <!-- com.framework.level1.level2.testcases.LumaRegisterTest -->
      <class name="com.framework.level1.level2.testcases.LumaCheckOutTest">
        <test-method is-config="true" signature="checkoutSetUp()[pri:0, instance:com.framework.level1.level2.testcases.LumaCheckOutTest@54422e18]" started-at="2023-11-15T12:45:49 EST" name="checkoutSetUp" finished-at="2023-11-15T12:45:51 EST" duration-ms="1952" status="PASS">
          <reporter-output>
          </reporter-output>
        </test-method> <!-- checkoutSetUp -->
        <test-method signature="verifyAddAProductToTheShoppingCartAndNavigateToCheckOutPage()[pri:1, instance:com.framework.level1.level2.testcases.LumaCheckOutTest@54422e18]" started-at="2023-11-15T12:45:51 EST" name="verifyAddAProductToTheShoppingCartAndNavigateToCheckOutPage" finished-at="2023-11-15T12:46:07 EST" duration-ms="15975" status="PASS">
          <reporter-output>
          </reporter-output>
        </test-method> <!-- verifyAddAProductToTheShoppingCartAndNavigateToCheckOutPage -->
        <test-method is-config="true" signature="tearDown()[pri:0, instance:com.framework.level1.level2.testcases.LumaCheckOutTest@54422e18]" started-at="2023-11-15T12:46:07 EST" name="tearDown" finished-at="2023-11-15T12:46:07 EST" duration-ms="119" status="PASS">
          <reporter-output>
          </reporter-output>
        </test-method> <!-- tearDown -->
      </class> <!-- com.framework.level1.level2.testcases.LumaCheckOutTest -->
      <class name="com.framework.level1.level2.testcases.LumaVerifyHomePageTest">
        <test-method is-config="true" signature="loginSetup()[pri:0, instance:com.framework.level1.level2.testcases.LumaVerifyHomePageTest@117159c0]" started-at="2023-11-15T12:46:07 EST" name="loginSetup" finished-at="2023-11-15T12:46:09 EST" duration-ms="1901" status="PASS">
          <reporter-output>
          </reporter-output>
        </test-method> <!-- loginSetup -->
        <test-method signature="verifyCertainElemetnsOnTheHomePage()[pri:1, instance:com.framework.level1.level2.testcases.LumaVerifyHomePageTest@117159c0]" started-at="2023-11-15T12:46:09 EST" name="verifyCertainElemetnsOnTheHomePage" finished-at="2023-11-15T12:46:10 EST" duration-ms="774" status="PASS">
          <reporter-output>
          </reporter-output>
        </test-method> <!-- verifyCertainElemetnsOnTheHomePage -->
        <test-method is-config="true" signature="tearDown()[pri:0, instance:com.framework.level1.level2.testcases.LumaVerifyHomePageTest@117159c0]" started-at="2023-11-15T12:46:10 EST" name="tearDown" finished-at="2023-11-15T12:46:10 EST" duration-ms="152" status="PASS">
          <reporter-output>
          </reporter-output>
        </test-method> <!-- tearDown -->
      </class> <!-- com.framework.level1.level2.testcases.LumaVerifyHomePageTest -->
      <class name="com.framework.level1.level2.testcases.ShoppingCartTest">
        <test-method is-config="true" signature="shoppingCartSetUp()[pri:0, instance:com.framework.level1.level2.testcases.ShoppingCartTest@3e8c3cb]" started-at="2023-11-15T12:45:35 EST" name="shoppingCartSetUp" finished-at="2023-11-15T12:45:37 EST" duration-ms="1963" status="PASS">
          <reporter-output>
          </reporter-output>
        </test-method> <!-- shoppingCartSetUp -->
        <test-method signature="shoppingCartTest()[pri:1, instance:com.framework.level1.level2.testcases.ShoppingCartTest@3e8c3cb]" started-at="2023-11-15T12:45:37 EST" name="shoppingCartTest" finished-at="2023-11-15T12:45:40 EST" duration-ms="3181" status="PASS">
          <reporter-output>
          </reporter-output>
        </test-method> <!-- shoppingCartTest -->
        <test-method is-config="true" signature="closer()[pri:0, instance:com.framework.level1.level2.testcases.ShoppingCartTest@3e8c3cb]" started-at="2023-11-15T12:45:40 EST" name="closer" finished-at="2023-11-15T12:45:40 EST" duration-ms="111" status="PASS">
          <reporter-output>
          </reporter-output>
        </test-method> <!-- closer -->
      </class> <!-- com.framework.level1.level2.testcases.ShoppingCartTest -->
      <class name="com.framework.level1.level2.testcases.LunaSearchProductTest">
        <test-method is-config="true" signature="lunaSearchProduct()[pri:0, instance:com.framework.level1.level2.testcases.LunaSearchProductTest@563f38c4]" started-at="2023-11-15T12:45:40 EST" name="lunaSearchProduct" finished-at="2023-11-15T12:45:42 EST" duration-ms="1963" status="PASS">
          <reporter-output>
          </reporter-output>
        </test-method> <!-- lunaSearchProduct -->
        <test-method signature="testProductSearchAndNavigation()[pri:1, instance:com.framework.level1.level2.testcases.LunaSearchProductTest@563f38c4]" started-at="2023-11-15T12:45:42 EST" name="testProductSearchAndNavigation" finished-at="2023-11-15T12:45:43 EST" duration-ms="1563" status="PASS">
          <reporter-output>
          </reporter-output>
        </test-method> <!-- testProductSearchAndNavigation -->
        <test-method is-config="true" signature="tearDown()[pri:0, instance:com.framework.level1.level2.testcases.LunaSearchProductTest@563f38c4]" started-at="2023-11-15T12:45:43 EST" name="tearDown" finished-at="2023-11-15T12:45:43 EST" duration-ms="93" status="PASS">
          <reporter-output>
          </reporter-output>
        </test-method> <!-- tearDown -->
      </class> <!-- com.framework.level1.level2.testcases.LunaSearchProductTest -->
    </test> <!-- Test -->
  </suite> <!-- Suite -->
</testng-results>
